[0.279s] [34mcolcon[0m [1;30mDEBUG[0m [32mCommand line arguments: ['/usr/bin/colcon', 'build', '--symlink-install'][0m
[0.279s] [34mcolcon[0m [1;30mDEBUG[0m [32mParsed command line arguments: Namespace(log_base=None, log_level=None, verb_name='build', build_base='build', install_base='install', merge_install=False, symlink_install=True, test_result_base=None, continue_on_error=False, executor='parallel', parallel_workers=6, event_handlers=None, ignore_user_meta=False, metas=['./colcon.meta'], base_paths=['.'], packages_ignore=None, packages_ignore_regex=None, paths=None, packages_up_to=None, packages_up_to_regex=None, packages_above=None, packages_above_and_dependencies=None, packages_above_depth=None, packages_select_by_dep=None, packages_skip_by_dep=None, packages_skip_up_to=None, packages_select_build_failed=False, packages_skip_build_finished=False, packages_select_test_failures=False, packages_skip_test_passed=False, packages_select=None, packages_skip=None, packages_select_regex=None, packages_skip_regex=None, packages_start=None, packages_end=None, allow_overriding=[], cmake_args=None, cmake_target=None, cmake_target_skip_unavailable=False, cmake_clean_cache=False, cmake_clean_first=False, cmake_force_configure=False, ament_cmake_args=None, catkin_cmake_args=None, catkin_skip_building_tests=False, mixin_files=None, mixin=None, verb_parser=<colcon_mixin.mixin.mixin_argument.MixinArgumentDecorator object at 0xffff8a87e590>, verb_extension=<colcon_core.verb.build.BuildVerb object at 0xffff8aa4ff70>, main=<bound method BuildVerb.main of <colcon_core.verb.build.BuildVerb object at 0xffff8aa4ff70>>, mixin_verb=('build',))[0m
[0.389s] [34mcolcon.colcon_core.package_discovery[0m [1;30mLevel 1[0m discover_packages(colcon_meta) check parameters
[0.390s] [34mcolcon.colcon_core.package_discovery[0m [1;30mLevel 1[0m discover_packages(recursive) check parameters
[0.390s] [34mcolcon.colcon_core.package_discovery[0m [1;30mLevel 1[0m discover_packages(ignore) check parameters
[0.390s] [34mcolcon.colcon_core.package_discovery[0m [1;30mLevel 1[0m discover_packages(path) check parameters
[0.390s] [34mcolcon.colcon_core.package_discovery[0m [1;30mLevel 1[0m discover_packages(colcon_meta) discover
[0.390s] [34mcolcon.colcon_core.package_discovery[0m [1;30mLevel 1[0m discover_packages(recursive) discover
[0.390s] [34mcolcon.colcon_core.package_discovery[0m [1;30mINFO[0m Crawling recursively for packages in '/home/jetson/codedemmo/lidar'
[0.390s] [34mcolcon.colcon_core.package_identification[0m [1;30mLevel 1[0m _identify(.) by extensions ['ignore', 'ignore_ament_install']
[0.391s] [34mcolcon.colcon_core.package_identification[0m [1;30mLevel 1[0m _identify(.) by extension 'ignore'
[0.391s] [34mcolcon.colcon_core.package_identification[0m [1;30mLevel 1[0m _identify(.) by extension 'ignore_ament_install'
[0.391s] [34mcolcon.colcon_core.package_identification[0m [1;30mLevel 1[0m _identify(.) by extensions ['colcon_pkg']
[0.391s] [34mcolcon.colcon_core.package_identification[0m [1;30mLevel 1[0m _identify(.) by extension 'colcon_pkg'
[0.391s] [34mcolcon.colcon_core.package_identification[0m [1;30mLevel 1[0m _identify(.) by extensions ['colcon_meta']
[0.391s] [34mcolcon.colcon_core.package_identification[0m [1;30mLevel 1[0m _identify(.) by extension 'colcon_meta'
[0.391s] [34mcolcon.colcon_core.package_identification[0m [1;30mLevel 1[0m _identify(.) by extensions ['ros']
[0.391s] [34mcolcon.colcon_core.package_identification[0m [1;30mLevel 1[0m _identify(.) by extension 'ros'
[0.421s] [34mcolcon.colcon_core.package_identification[0m [1;30mLevel 1[0m _identify(.) by extensions ['cmake', 'python']
[0.421s] [34mcolcon.colcon_core.package_identification[0m [1;30mLevel 1[0m _identify(.) by extension 'cmake'
[0.421s] [34mcolcon.colcon_core.package_identification[0m [1;30mLevel 1[0m _identify(.) by extension 'python'
[0.421s] [34mcolcon.colcon_core.package_identification[0m [1;30mLevel 1[0m _identify(.) by extensions ['python_setup_py']
[0.421s] [34mcolcon.colcon_core.package_identification[0m [1;30mLevel 1[0m _identify(.) by extension 'python_setup_py'
[0.421s] [34mcolcon.colcon_core.package_identification[0m [1;30mLevel 1[0m _identify(build) by extensions ['ignore', 'ignore_ament_install']
[0.422s] [34mcolcon.colcon_core.package_identification[0m [1;30mLevel 1[0m _identify(build) by extension 'ignore'
[0.422s] [34mcolcon.colcon_core.package_identification[0m [1;30mLevel 1[0m _identify(build) ignored
[0.422s] [34mcolcon.colcon_core.package_identification[0m [1;30mLevel 1[0m _identify(install) by extensions ['ignore', 'ignore_ament_install']
[0.422s] [34mcolcon.colcon_core.package_identification[0m [1;30mLevel 1[0m _identify(install) by extension 'ignore'
[0.422s] [34mcolcon.colcon_core.package_identification[0m [1;30mLevel 1[0m _identify(install) ignored
[0.423s] [34mcolcon.colcon_core.package_identification[0m [1;30mLevel 1[0m _identify(log) by extensions ['ignore', 'ignore_ament_install']
[0.423s] [34mcolcon.colcon_core.package_identification[0m [1;30mLevel 1[0m _identify(log) by extension 'ignore'
[0.423s] [34mcolcon.colcon_core.package_identification[0m [1;30mLevel 1[0m _identify(log) ignored
[0.423s] [34mcolcon.colcon_core.package_identification[0m [1;30mLevel 1[0m _identify(src) by extensions ['ignore', 'ignore_ament_install']
[0.423s] [34mcolcon.colcon_core.package_identification[0m [1;30mLevel 1[0m _identify(src) by extension 'ignore'
[0.423s] [34mcolcon.colcon_core.package_identification[0m [1;30mLevel 1[0m _identify(src) by extension 'ignore_ament_install'
[0.423s] [34mcolcon.colcon_core.package_identification[0m [1;30mLevel 1[0m _identify(src) by extensions ['colcon_pkg']
[0.423s] [34mcolcon.colcon_core.package_identification[0m [1;30mLevel 1[0m _identify(src) by extension 'colcon_pkg'
[0.423s] [34mcolcon.colcon_core.package_identification[0m [1;30mLevel 1[0m _identify(src) by extensions ['colcon_meta']
[0.423s] [34mcolcon.colcon_core.package_identification[0m [1;30mLevel 1[0m _identify(src) by extension 'colcon_meta'
[0.424s] [34mcolcon.colcon_core.package_identification[0m [1;30mLevel 1[0m _identify(src) by extensions ['ros']
[0.424s] [34mcolcon.colcon_core.package_identification[0m [1;30mLevel 1[0m _identify(src) by extension 'ros'
[0.424s] [34mcolcon.colcon_core.package_identification[0m [1;30mLevel 1[0m _identify(src) by extensions ['cmake', 'python']
[0.424s] [34mcolcon.colcon_core.package_identification[0m [1;30mLevel 1[0m _identify(src) by extension 'cmake'
[0.424s] [34mcolcon.colcon_core.package_identification[0m [1;30mLevel 1[0m _identify(src) by extension 'python'
[0.424s] [34mcolcon.colcon_core.package_identification[0m [1;30mLevel 1[0m _identify(src) by extensions ['python_setup_py']
[0.424s] [34mcolcon.colcon_core.package_identification[0m [1;30mLevel 1[0m _identify(src) by extension 'python_setup_py'
[0.424s] [34mcolcon.colcon_core.package_identification[0m [1;30mLevel 1[0m _identify(src/ydlidar_ros2_driver) by extensions ['ignore', 'ignore_ament_install']
[0.424s] [34mcolcon.colcon_core.package_identification[0m [1;30mLevel 1[0m _identify(src/ydlidar_ros2_driver) by extension 'ignore'
[0.425s] [34mcolcon.colcon_core.package_identification[0m [1;30mLevel 1[0m _identify(src/ydlidar_ros2_driver) by extension 'ignore_ament_install'
[0.425s] [34mcolcon.colcon_core.package_identification[0m [1;30mLevel 1[0m _identify(src/ydlidar_ros2_driver) by extensions ['colcon_pkg']
[0.425s] [34mcolcon.colcon_core.package_identification[0m [1;30mLevel 1[0m _identify(src/ydlidar_ros2_driver) by extension 'colcon_pkg'
[0.425s] [34mcolcon.colcon_core.package_identification[0m [1;30mLevel 1[0m _identify(src/ydlidar_ros2_driver) by extensions ['colcon_meta']
[0.425s] [34mcolcon.colcon_core.package_identification[0m [1;30mLevel 1[0m _identify(src/ydlidar_ros2_driver) by extension 'colcon_meta'
[0.425s] [34mcolcon.colcon_core.package_identification[0m [1;30mLevel 1[0m _identify(src/ydlidar_ros2_driver) by extensions ['ros']
[0.425s] [34mcolcon.colcon_core.package_identification[0m [1;30mLevel 1[0m _identify(src/ydlidar_ros2_driver) by extension 'ros'
[0.430s] [34mcolcon.colcon_core.package_identification[0m [1;30mDEBUG[0m [32mPackage 'src/ydlidar_ros2_driver' with type 'ros.ament_cmake' and name 'ydlidar_ros2_driver'[0m
[0.430s] [34mcolcon.colcon_core.package_discovery[0m [1;30mLevel 1[0m discover_packages(recursive) using defaults
[0.430s] [34mcolcon.colcon_core.package_discovery[0m [1;30mLevel 1[0m discover_packages(ignore) discover
[0.430s] [34mcolcon.colcon_core.package_discovery[0m [1;30mLevel 1[0m discover_packages(ignore) using defaults
[0.431s] [34mcolcon.colcon_core.package_discovery[0m [1;30mLevel 1[0m discover_packages(path) discover
[0.431s] [34mcolcon.colcon_core.package_discovery[0m [1;30mLevel 1[0m discover_packages(path) using defaults
[0.462s] [34mcolcon.colcon_core.package_discovery[0m [1;30mLevel 1[0m discover_packages(prefix_path) check parameters
[0.463s] [34mcolcon.colcon_core.package_discovery[0m [1;30mLevel 1[0m discover_packages(prefix_path) discover
[0.470s] [34mcolcon.colcon_installed_package_information.package_discovery[0m [1;30mDEBUG[0m [32mFound 22 installed packages in /home/jetson/yahboomcar_ros2_ws/yahboomcar_ws/install[0m
[0.472s] [34mcolcon.colcon_installed_package_information.package_discovery[0m [1;30mDEBUG[0m [32mFound 16 installed packages in /home/jetson/yahboomcar_ros2_ws/software/library_ws/install[0m
[0.475s] [34mcolcon.colcon_installed_package_information.package_discovery[0m [1;30mDEBUG[0m [32mFound 388 installed packages in /opt/ros/humble[0m
[0.480s] [34mcolcon.colcon_core.package_discovery[0m [1;30mLevel 1[0m discover_packages(prefix_path) using defaults
[0.604s] [34mcolcon.colcon_core.verb[0m [1;30mLevel 5[0m set package 'ydlidar_ros2_driver' build argument 'cmake_args' from command line to 'None'
[0.605s] [34mcolcon.colcon_core.verb[0m [1;30mLevel 5[0m set package 'ydlidar_ros2_driver' build argument 'cmake_target' from command line to 'None'
[0.605s] [34mcolcon.colcon_core.verb[0m [1;30mLevel 5[0m set package 'ydlidar_ros2_driver' build argument 'cmake_target_skip_unavailable' from command line to 'False'
[0.605s] [34mcolcon.colcon_core.verb[0m [1;30mLevel 5[0m set package 'ydlidar_ros2_driver' build argument 'cmake_clean_cache' from command line to 'False'
[0.605s] [34mcolcon.colcon_core.verb[0m [1;30mLevel 5[0m set package 'ydlidar_ros2_driver' build argument 'cmake_clean_first' from command line to 'False'
[0.605s] [34mcolcon.colcon_core.verb[0m [1;30mLevel 5[0m set package 'ydlidar_ros2_driver' build argument 'cmake_force_configure' from command line to 'False'
[0.605s] [34mcolcon.colcon_core.verb[0m [1;30mLevel 5[0m set package 'ydlidar_ros2_driver' build argument 'ament_cmake_args' from command line to 'None'
[0.605s] [34mcolcon.colcon_core.verb[0m [1;30mLevel 5[0m set package 'ydlidar_ros2_driver' build argument 'catkin_cmake_args' from command line to 'None'
[0.605s] [34mcolcon.colcon_core.verb[0m [1;30mLevel 5[0m set package 'ydlidar_ros2_driver' build argument 'catkin_skip_building_tests' from command line to 'False'
[0.605s] [34mcolcon.colcon_core.verb[0m [1;30mDEBUG[0m [32mBuilding package 'ydlidar_ros2_driver' with the following arguments: {'ament_cmake_args': None, 'build_base': '/home/jetson/codedemmo/lidar/build/ydlidar_ros2_driver', 'catkin_cmake_args': None, 'catkin_skip_building_tests': False, 'cmake_args': None, 'cmake_clean_cache': False, 'cmake_clean_first': False, 'cmake_force_configure': False, 'cmake_target': None, 'cmake_target_skip_unavailable': False, 'install_base': '/home/jetson/codedemmo/lidar/install/ydlidar_ros2_driver', 'merge_install': False, 'path': '/home/jetson/codedemmo/lidar/src/ydlidar_ros2_driver', 'symlink_install': True, 'test_result_base': None}[0m
[0.605s] [34mcolcon.colcon_core.executor[0m [1;30mINFO[0m Executing jobs using 'parallel' executor
[0.608s] [34mcolcon.colcon_parallel_executor.executor.parallel[0m [1;30mDEBUG[0m [32mrun_until_complete[0m
[0.608s] [34mcolcon.colcon_ros.task.ament_cmake.build[0m [1;30mINFO[0m Building ROS package in '/home/jetson/codedemmo/lidar/src/ydlidar_ros2_driver' with build type 'ament_cmake'
[0.609s] [34mcolcon.colcon_cmake.task.cmake.build[0m [1;30mINFO[0m Building CMake package in '/home/jetson/codedemmo/lidar/src/ydlidar_ros2_driver'
[0.614s] [34mcolcon.colcon_core.plugin_system[0m [1;30mINFO[0m Skipping extension 'colcon_core.shell.bat': Not used on non-Windows systems
[0.615s] [34mcolcon.colcon_core.shell[0m [1;30mINFO[0m Skip shell extension 'powershell' for command environment: Not usable outside of PowerShell
[0.615s] [34mcolcon.colcon_core.shell[0m [1;30mDEBUG[0m [32mSkip shell extension 'dsv' for command environment[0m
[0.639s] [34mcolcon.colcon_core.event_handler.log_command[0m [1;30mDEBUG[0m [32mInvoking command in '/home/jetson/codedemmo/lidar/build/ydlidar_ros2_driver': CMAKE_PREFIX_PATH=${CMAKE_PREFIX_PATH}:/home/jetson/yahboomcar_ros2_ws/yahboomcar_ws/install/yahboomcar_voice_ctrl:/home/jetson/yahboomcar_ros2_ws/yahboomcar_ws/install/yahboomcar_visual:/home/jetson/yahboomcar_ros2_ws/yahboomcar_ws/install/yahboomcar_rviz:/home/jetson/yahboomcar_ros2_ws/yahboomcar_ws/install/yahboomcar_nav:/home/jetson/yahboomcar_ros2_ws/yahboomcar_ws/install/yahboomcar_multi:/home/jetson/yahboomcar_ros2_ws/yahboomcar_ws/install/yahboomcar_mediapipe:/home/jetson/yahboomcar_ros2_ws/yahboomcar_ws/install/yahboomcar_linefollow:/home/jetson/yahboomcar_ros2_ws/yahboomcar_ws/install/yahboomcar_laser:/home/jetson/yahboomcar_ros2_ws/yahboomcar_ws/install/yahboomcar_description_x1:/home/jetson/yahboomcar_ros2_ws/yahboomcar_ws/install/yahboomcar_description:/home/jetson/yahboomcar_ros2_ws/yahboomcar_ws/install/yahboomcar_ctrl:/home/jetson/yahboomcar_ros2_ws/yahboomcar_ws/install/yahboomcar_bringup:/home/jetson/yahboomcar_ros2_ws/yahboomcar_ws/install/yahboomcar_astra:/home/jetson/yahboomcar_ros2_ws/yahboomcar_ws/install/yahboom_app_save_map:/home/jetson/yahboomcar_ros2_ws/yahboomcar_ws/install/laserscan_to_point_pulisher:/opt/ros/humble __trae_PS1=\n(TraeAI-6) \w [$?] $ /usr/bin/cmake /home/jetson/codedemmo/lidar/src/ydlidar_ros2_driver -DAMENT_CMAKE_SYMLINK_INSTALL=1 -DCMAKE_INSTALL_PREFIX=/home/jetson/codedemmo/lidar/install/ydlidar_ros2_driver[0m
[4.715s] [34mcolcon.colcon_core.event_handler.log_command[0m [1;30mDEBUG[0m [32mInvoked command in '/home/jetson/codedemmo/lidar/build/ydlidar_ros2_driver' returned '0': CMAKE_PREFIX_PATH=${CMAKE_PREFIX_PATH}:/home/jetson/yahboomcar_ros2_ws/yahboomcar_ws/install/yahboomcar_voice_ctrl:/home/jetson/yahboomcar_ros2_ws/yahboomcar_ws/install/yahboomcar_visual:/home/jetson/yahboomcar_ros2_ws/yahboomcar_ws/install/yahboomcar_rviz:/home/jetson/yahboomcar_ros2_ws/yahboomcar_ws/install/yahboomcar_nav:/home/jetson/yahboomcar_ros2_ws/yahboomcar_ws/install/yahboomcar_multi:/home/jetson/yahboomcar_ros2_ws/yahboomcar_ws/install/yahboomcar_mediapipe:/home/jetson/yahboomcar_ros2_ws/yahboomcar_ws/install/yahboomcar_linefollow:/home/jetson/yahboomcar_ros2_ws/yahboomcar_ws/install/yahboomcar_laser:/home/jetson/yahboomcar_ros2_ws/yahboomcar_ws/install/yahboomcar_description_x1:/home/jetson/yahboomcar_ros2_ws/yahboomcar_ws/install/yahboomcar_description:/home/jetson/yahboomcar_ros2_ws/yahboomcar_ws/install/yahboomcar_ctrl:/home/jetson/yahboomcar_ros2_ws/yahboomcar_ws/install/yahboomcar_bringup:/home/jetson/yahboomcar_ros2_ws/yahboomcar_ws/install/yahboomcar_astra:/home/jetson/yahboomcar_ros2_ws/yahboomcar_ws/install/yahboom_app_save_map:/home/jetson/yahboomcar_ros2_ws/yahboomcar_ws/install/laserscan_to_point_pulisher:/opt/ros/humble __trae_PS1=\n(TraeAI-6) \w [$?] $ /usr/bin/cmake /home/jetson/codedemmo/lidar/src/ydlidar_ros2_driver -DAMENT_CMAKE_SYMLINK_INSTALL=1 -DCMAKE_INSTALL_PREFIX=/home/jetson/codedemmo/lidar/install/ydlidar_ros2_driver[0m
[4.720s] [34mcolcon.colcon_core.event_handler.log_command[0m [1;30mDEBUG[0m [32mInvoking command in '/home/jetson/codedemmo/lidar/build/ydlidar_ros2_driver': CMAKE_PREFIX_PATH=${CMAKE_PREFIX_PATH}:/home/jetson/yahboomcar_ros2_ws/yahboomcar_ws/install/yahboomcar_voice_ctrl:/home/jetson/yahboomcar_ros2_ws/yahboomcar_ws/install/yahboomcar_visual:/home/jetson/yahboomcar_ros2_ws/yahboomcar_ws/install/yahboomcar_rviz:/home/jetson/yahboomcar_ros2_ws/yahboomcar_ws/install/yahboomcar_nav:/home/jetson/yahboomcar_ros2_ws/yahboomcar_ws/install/yahboomcar_multi:/home/jetson/yahboomcar_ros2_ws/yahboomcar_ws/install/yahboomcar_mediapipe:/home/jetson/yahboomcar_ros2_ws/yahboomcar_ws/install/yahboomcar_linefollow:/home/jetson/yahboomcar_ros2_ws/yahboomcar_ws/install/yahboomcar_laser:/home/jetson/yahboomcar_ros2_ws/yahboomcar_ws/install/yahboomcar_description_x1:/home/jetson/yahboomcar_ros2_ws/yahboomcar_ws/install/yahboomcar_description:/home/jetson/yahboomcar_ros2_ws/yahboomcar_ws/install/yahboomcar_ctrl:/home/jetson/yahboomcar_ros2_ws/yahboomcar_ws/install/yahboomcar_bringup:/home/jetson/yahboomcar_ros2_ws/yahboomcar_ws/install/yahboomcar_astra:/home/jetson/yahboomcar_ros2_ws/yahboomcar_ws/install/yahboom_app_save_map:/home/jetson/yahboomcar_ros2_ws/yahboomcar_ws/install/laserscan_to_point_pulisher:/opt/ros/humble __trae_PS1=\n(TraeAI-6) \w [$?] $ /usr/bin/cmake --build /home/jetson/codedemmo/lidar/build/ydlidar_ros2_driver -- -j6 -l6[0m
[22.741s] [34mcolcon.colcon_core.event_handler.log_command[0m [1;30mDEBUG[0m [32mInvoked command in '/home/jetson/codedemmo/lidar/build/ydlidar_ros2_driver' returned '0': CMAKE_PREFIX_PATH=${CMAKE_PREFIX_PATH}:/home/jetson/yahboomcar_ros2_ws/yahboomcar_ws/install/yahboomcar_voice_ctrl:/home/jetson/yahboomcar_ros2_ws/yahboomcar_ws/install/yahboomcar_visual:/home/jetson/yahboomcar_ros2_ws/yahboomcar_ws/install/yahboomcar_rviz:/home/jetson/yahboomcar_ros2_ws/yahboomcar_ws/install/yahboomcar_nav:/home/jetson/yahboomcar_ros2_ws/yahboomcar_ws/install/yahboomcar_multi:/home/jetson/yahboomcar_ros2_ws/yahboomcar_ws/install/yahboomcar_mediapipe:/home/jetson/yahboomcar_ros2_ws/yahboomcar_ws/install/yahboomcar_linefollow:/home/jetson/yahboomcar_ros2_ws/yahboomcar_ws/install/yahboomcar_laser:/home/jetson/yahboomcar_ros2_ws/yahboomcar_ws/install/yahboomcar_description_x1:/home/jetson/yahboomcar_ros2_ws/yahboomcar_ws/install/yahboomcar_description:/home/jetson/yahboomcar_ros2_ws/yahboomcar_ws/install/yahboomcar_ctrl:/home/jetson/yahboomcar_ros2_ws/yahboomcar_ws/install/yahboomcar_bringup:/home/jetson/yahboomcar_ros2_ws/yahboomcar_ws/install/yahboomcar_astra:/home/jetson/yahboomcar_ros2_ws/yahboomcar_ws/install/yahboom_app_save_map:/home/jetson/yahboomcar_ros2_ws/yahboomcar_ws/install/laserscan_to_point_pulisher:/opt/ros/humble __trae_PS1=\n(TraeAI-6) \w [$?] $ /usr/bin/cmake --build /home/jetson/codedemmo/lidar/build/ydlidar_ros2_driver -- -j6 -l6[0m
[22.768s] [34mcolcon.colcon_core.event_handler.log_command[0m [1;30mDEBUG[0m [32mInvoking command in '/home/jetson/codedemmo/lidar/build/ydlidar_ros2_driver': CMAKE_PREFIX_PATH=${CMAKE_PREFIX_PATH}:/home/jetson/yahboomcar_ros2_ws/yahboomcar_ws/install/yahboomcar_voice_ctrl:/home/jetson/yahboomcar_ros2_ws/yahboomcar_ws/install/yahboomcar_visual:/home/jetson/yahboomcar_ros2_ws/yahboomcar_ws/install/yahboomcar_rviz:/home/jetson/yahboomcar_ros2_ws/yahboomcar_ws/install/yahboomcar_nav:/home/jetson/yahboomcar_ros2_ws/yahboomcar_ws/install/yahboomcar_multi:/home/jetson/yahboomcar_ros2_ws/yahboomcar_ws/install/yahboomcar_mediapipe:/home/jetson/yahboomcar_ros2_ws/yahboomcar_ws/install/yahboomcar_linefollow:/home/jetson/yahboomcar_ros2_ws/yahboomcar_ws/install/yahboomcar_laser:/home/jetson/yahboomcar_ros2_ws/yahboomcar_ws/install/yahboomcar_description_x1:/home/jetson/yahboomcar_ros2_ws/yahboomcar_ws/install/yahboomcar_description:/home/jetson/yahboomcar_ros2_ws/yahboomcar_ws/install/yahboomcar_ctrl:/home/jetson/yahboomcar_ros2_ws/yahboomcar_ws/install/yahboomcar_bringup:/home/jetson/yahboomcar_ros2_ws/yahboomcar_ws/install/yahboomcar_astra:/home/jetson/yahboomcar_ros2_ws/yahboomcar_ws/install/yahboom_app_save_map:/home/jetson/yahboomcar_ros2_ws/yahboomcar_ws/install/laserscan_to_point_pulisher:/opt/ros/humble __trae_PS1=\n(TraeAI-6) \w [$?] $ /usr/bin/cmake --install /home/jetson/codedemmo/lidar/build/ydlidar_ros2_driver[0m
[23.534s] [34mcolcon.colcon_core.environment[0m [1;30mLevel 1[0m create_environment_scripts_only(ydlidar_ros2_driver)
[23.536s] [34mcolcon.colcon_core.event_handler.log_command[0m [1;30mDEBUG[0m [32mInvoked command in '/home/jetson/codedemmo/lidar/build/ydlidar_ros2_driver' returned '0': CMAKE_PREFIX_PATH=${CMAKE_PREFIX_PATH}:/home/jetson/yahboomcar_ros2_ws/yahboomcar_ws/install/yahboomcar_voice_ctrl:/home/jetson/yahboomcar_ros2_ws/yahboomcar_ws/install/yahboomcar_visual:/home/jetson/yahboomcar_ros2_ws/yahboomcar_ws/install/yahboomcar_rviz:/home/jetson/yahboomcar_ros2_ws/yahboomcar_ws/install/yahboomcar_nav:/home/jetson/yahboomcar_ros2_ws/yahboomcar_ws/install/yahboomcar_multi:/home/jetson/yahboomcar_ros2_ws/yahboomcar_ws/install/yahboomcar_mediapipe:/home/jetson/yahboomcar_ros2_ws/yahboomcar_ws/install/yahboomcar_linefollow:/home/jetson/yahboomcar_ros2_ws/yahboomcar_ws/install/yahboomcar_laser:/home/jetson/yahboomcar_ros2_ws/yahboomcar_ws/install/yahboomcar_description_x1:/home/jetson/yahboomcar_ros2_ws/yahboomcar_ws/install/yahboomcar_description:/home/jetson/yahboomcar_ros2_ws/yahboomcar_ws/install/yahboomcar_ctrl:/home/jetson/yahboomcar_ros2_ws/yahboomcar_ws/install/yahboomcar_bringup:/home/jetson/yahboomcar_ros2_ws/yahboomcar_ws/install/yahboomcar_astra:/home/jetson/yahboomcar_ros2_ws/yahboomcar_ws/install/yahboom_app_save_map:/home/jetson/yahboomcar_ros2_ws/yahboomcar_ws/install/laserscan_to_point_pulisher:/opt/ros/humble __trae_PS1=\n(TraeAI-6) \w [$?] $ /usr/bin/cmake --install /home/jetson/codedemmo/lidar/build/ydlidar_ros2_driver[0m
[23.544s] [34mcolcon.colcon_core.environment[0m [1;30mLevel 1[0m checking '/home/jetson/codedemmo/lidar/install/ydlidar_ros2_driver' for CMake module files
[23.546s] [34mcolcon.colcon_core.environment[0m [1;30mLevel 1[0m checking '/home/jetson/codedemmo/lidar/install/ydlidar_ros2_driver' for CMake config files
[23.546s] [34mcolcon.colcon_core.shell[0m [1;30mLevel 1[0m create_environment_hook('ydlidar_ros2_driver', 'cmake_prefix_path')
[23.547s] [34mcolcon.colcon_core.shell[0m [1;30mINFO[0m Creating environment hook '/home/jetson/codedemmo/lidar/install/ydlidar_ros2_driver/share/ydlidar_ros2_driver/hook/cmake_prefix_path.ps1'
[23.549s] [34mcolcon.colcon_core.shell[0m [1;30mINFO[0m Creating environment descriptor '/home/jetson/codedemmo/lidar/install/ydlidar_ros2_driver/share/ydlidar_ros2_driver/hook/cmake_prefix_path.dsv'
[23.551s] [34mcolcon.colcon_core.shell[0m [1;30mINFO[0m Creating environment hook '/home/jetson/codedemmo/lidar/install/ydlidar_ros2_driver/share/ydlidar_ros2_driver/hook/cmake_prefix_path.sh'
[23.554s] [34mcolcon.colcon_core.environment[0m [1;30mLevel 1[0m checking '/home/jetson/codedemmo/lidar/install/ydlidar_ros2_driver/lib'
[23.555s] [34mcolcon.colcon_core.environment[0m [1;30mLevel 1[0m checking '/home/jetson/codedemmo/lidar/install/ydlidar_ros2_driver/bin'
[23.555s] [34mcolcon.colcon_core.environment[0m [1;30mLevel 1[0m checking '/home/jetson/codedemmo/lidar/install/ydlidar_ros2_driver/lib/pkgconfig/ydlidar_ros2_driver.pc'
[23.556s] [34mcolcon.colcon_core.environment[0m [1;30mLevel 1[0m checking '/home/jetson/codedemmo/lidar/install/ydlidar_ros2_driver/lib/python3.10/site-packages'
[23.557s] [34mcolcon.colcon_core.environment[0m [1;30mLevel 1[0m checking '/home/jetson/codedemmo/lidar/install/ydlidar_ros2_driver/bin'
[23.559s] [34mcolcon.colcon_core.shell[0m [1;30mINFO[0m Creating package script '/home/jetson/codedemmo/lidar/install/ydlidar_ros2_driver/share/ydlidar_ros2_driver/package.ps1'
[23.563s] [34mcolcon.colcon_core.shell[0m [1;30mINFO[0m Creating package descriptor '/home/jetson/codedemmo/lidar/install/ydlidar_ros2_driver/share/ydlidar_ros2_driver/package.dsv'
[23.565s] [34mcolcon.colcon_core.shell[0m [1;30mINFO[0m Creating package script '/home/jetson/codedemmo/lidar/install/ydlidar_ros2_driver/share/ydlidar_ros2_driver/package.sh'
[23.568s] [34mcolcon.colcon_core.shell[0m [1;30mINFO[0m Creating package script '/home/jetson/codedemmo/lidar/install/ydlidar_ros2_driver/share/ydlidar_ros2_driver/package.bash'
[23.570s] [34mcolcon.colcon_core.shell[0m [1;30mINFO[0m Creating package script '/home/jetson/codedemmo/lidar/install/ydlidar_ros2_driver/share/ydlidar_ros2_driver/package.zsh'
[23.573s] [34mcolcon.colcon_core.environment[0m [1;30mLevel 1[0m create_file_with_runtime_dependencies(/home/jetson/codedemmo/lidar/install/ydlidar_ros2_driver/share/colcon-core/packages/ydlidar_ros2_driver)
[23.575s] [34mcolcon.colcon_core.environment[0m [1;30mLevel 1[0m create_environment_scripts_only(ydlidar_ros2_driver)
[23.576s] [34mcolcon.colcon_core.environment[0m [1;30mLevel 1[0m checking '/home/jetson/codedemmo/lidar/install/ydlidar_ros2_driver' for CMake module files
[23.578s] [34mcolcon.colcon_core.environment[0m [1;30mLevel 1[0m checking '/home/jetson/codedemmo/lidar/install/ydlidar_ros2_driver' for CMake config files
[23.579s] [34mcolcon.colcon_core.shell[0m [1;30mLevel 1[0m create_environment_hook('ydlidar_ros2_driver', 'cmake_prefix_path')
[23.580s] [34mcolcon.colcon_core.shell[0m [1;30mINFO[0m Creating environment hook '/home/jetson/codedemmo/lidar/install/ydlidar_ros2_driver/share/ydlidar_ros2_driver/hook/cmake_prefix_path.ps1'
[23.582s] [34mcolcon.colcon_core.shell[0m [1;30mINFO[0m Creating environment descriptor '/home/jetson/codedemmo/lidar/install/ydlidar_ros2_driver/share/ydlidar_ros2_driver/hook/cmake_prefix_path.dsv'
[23.583s] [34mcolcon.colcon_core.shell[0m [1;30mINFO[0m Creating environment hook '/home/jetson/codedemmo/lidar/install/ydlidar_ros2_driver/share/ydlidar_ros2_driver/hook/cmake_prefix_path.sh'
[23.585s] [34mcolcon.colcon_core.environment[0m [1;30mLevel 1[0m checking '/home/jetson/codedemmo/lidar/install/ydlidar_ros2_driver/lib'
[23.586s] [34mcolcon.colcon_core.environment[0m [1;30mLevel 1[0m checking '/home/jetson/codedemmo/lidar/install/ydlidar_ros2_driver/bin'
[23.586s] [34mcolcon.colcon_core.environment[0m [1;30mLevel 1[0m checking '/home/jetson/codedemmo/lidar/install/ydlidar_ros2_driver/lib/pkgconfig/ydlidar_ros2_driver.pc'
[23.587s] [34mcolcon.colcon_core.environment[0m [1;30mLevel 1[0m checking '/home/jetson/codedemmo/lidar/install/ydlidar_ros2_driver/lib/python3.10/site-packages'
[23.588s] [34mcolcon.colcon_core.environment[0m [1;30mLevel 1[0m checking '/home/jetson/codedemmo/lidar/install/ydlidar_ros2_driver/bin'
[23.589s] [34mcolcon.colcon_core.shell[0m [1;30mINFO[0m Creating package script '/home/jetson/codedemmo/lidar/install/ydlidar_ros2_driver/share/ydlidar_ros2_driver/package.ps1'
[23.592s] [34mcolcon.colcon_core.shell[0m [1;30mINFO[0m Creating package descriptor '/home/jetson/codedemmo/lidar/install/ydlidar_ros2_driver/share/ydlidar_ros2_driver/package.dsv'
[23.593s] [34mcolcon.colcon_core.shell[0m [1;30mINFO[0m Creating package script '/home/jetson/codedemmo/lidar/install/ydlidar_ros2_driver/share/ydlidar_ros2_driver/package.sh'
[23.595s] [34mcolcon.colcon_core.shell[0m [1;30mINFO[0m Creating package script '/home/jetson/codedemmo/lidar/install/ydlidar_ros2_driver/share/ydlidar_ros2_driver/package.bash'
[23.597s] [34mcolcon.colcon_core.shell[0m [1;30mINFO[0m Creating package script '/home/jetson/codedemmo/lidar/install/ydlidar_ros2_driver/share/ydlidar_ros2_driver/package.zsh'
[23.598s] [34mcolcon.colcon_core.environment[0m [1;30mLevel 1[0m create_file_with_runtime_dependencies(/home/jetson/codedemmo/lidar/install/ydlidar_ros2_driver/share/colcon-core/packages/ydlidar_ros2_driver)
[23.599s] [34mcolcon.colcon_parallel_executor.executor.parallel[0m [1;30mDEBUG[0m [32mclosing loop[0m
[23.601s] [34mcolcon.colcon_parallel_executor.executor.parallel[0m [1;30mDEBUG[0m [32mloop closed[0m
[23.601s] [34mcolcon.colcon_parallel_executor.executor.parallel[0m [1;30mDEBUG[0m [32mrun_until_complete finished with '0'[0m
[23.601s] [34mcolcon.colcon_core.event_reactor[0m [1;30mDEBUG[0m [32mjoining thread[0m
[23.603s] [34mcolcon.colcon_core.event_reactor[0m [1;30mDEBUG[0m [32mjoined thread[0m
[23.604s] [34mcolcon.colcon_core.shell[0m [1;30mINFO[0m Creating prefix script '/home/jetson/codedemmo/lidar/install/local_setup.ps1'
[23.608s] [34mcolcon.colcon_core.shell[0m [1;30mINFO[0m Creating prefix util module '/home/jetson/codedemmo/lidar/install/_local_setup_util_ps1.py'
[23.614s] [34mcolcon.colcon_core.shell[0m [1;30mINFO[0m Creating prefix chain script '/home/jetson/codedemmo/lidar/install/setup.ps1'
[23.623s] [34mcolcon.colcon_core.shell[0m [1;30mINFO[0m Creating prefix script '/home/jetson/codedemmo/lidar/install/local_setup.sh'
[23.625s] [34mcolcon.colcon_core.shell[0m [1;30mINFO[0m Creating prefix util module '/home/jetson/codedemmo/lidar/install/_local_setup_util_sh.py'
[23.627s] [34mcolcon.colcon_core.shell[0m [1;30mINFO[0m Creating prefix chain script '/home/jetson/codedemmo/lidar/install/setup.sh'
[23.635s] [34mcolcon.colcon_core.shell[0m [1;30mINFO[0m Creating prefix script '/home/jetson/codedemmo/lidar/install/local_setup.bash'
[23.636s] [34mcolcon.colcon_core.shell[0m [1;30mINFO[0m Creating prefix chain script '/home/jetson/codedemmo/lidar/install/setup.bash'
[23.643s] [34mcolcon.colcon_core.shell[0m [1;30mINFO[0m Creating prefix script '/home/jetson/codedemmo/lidar/install/local_setup.zsh'
[23.645s] [34mcolcon.colcon_core.shell[0m [1;30mINFO[0m Creating prefix chain script '/home/jetson/codedemmo/lidar/install/setup.zsh'
